2023-06-02 05:05:31 - Neovide panicked with the message 'Could not parse event from neovim: invalid array format 34'. (File: src/error_handling.rs; Line: 5, Column: 5)
   0: __mh_execute_header
   1: __mh_execute_header
   2: __mh_execute_header
   3: __mh_execute_header
   4: __mh_execute_header
   5: __mh_execute_header
   6: __mh_execute_header
   7: __mh_execute_header
   8: __mh_execute_header
   9: __mh_execute_header
  10: __mh_execute_header
  11: __mh_execute_header
  12: __mh_execute_header
  13: __mh_execute_header
  14: __mh_execute_header
  15: __mh_execute_header
  16: __mh_execute_header
  17: __pthread_start

2023-06-02 05:06:33 - Neovide panicked with the message 'Could not parse event from neovim: invalid array format 37'. (File: src/error_handling.rs; Line: 5, Column: 5)
   0: __mh_execute_header
   1: __mh_execute_header
   2: __mh_execute_header
   3: __mh_execute_header
   4: __mh_execute_header
   5: __mh_execute_header
   6: __mh_execute_header
   7: __mh_execute_header
   8: __mh_execute_header
   9: __mh_execute_header
  10: __mh_execute_header
  11: __mh_execute_header
  12: __mh_execute_header
  13: __mh_execute_header
  14: __mh_execute_header
  15: __mh_execute_header
  16: __mh_execute_header
  17: __pthread_start

2023-06-02 05:16:11 - Neovide panicked with the message 'Could not parse event from neovim: invalid array format 32'. (File: src/error_handling.rs; Line: 5, Column: 5)
   0: __mh_execute_header
   1: __mh_execute_header
   2: __mh_execute_header
   3: __mh_execute_header
   4: __mh_execute_header
   5: __mh_execute_header
   6: __mh_execute_header
   7: __mh_execute_header
   8: __mh_execute_header
   9: __mh_execute_header
  10: __mh_execute_header
  11: __mh_execute_header
  12: __mh_execute_header
  13: __mh_execute_header
  14: __mh_execute_header
  15: __mh_execute_header
  16: __mh_execute_header
  17: __pthread_start

2023-06-02 05:22:12 - Neovide panicked with the message 'Could not parse event from neovim: invalid string format []'. (File: src/error_handling.rs; Line: 5, Column: 5)
   0: __mh_execute_header
   1: __mh_execute_header
   2: __mh_execute_header
   3: __mh_execute_header
   4: __mh_execute_header
   5: __mh_execute_header
   6: __mh_execute_header
   7: __mh_execute_header
   8: __mh_execute_header
   9: __mh_execute_header
  10: __mh_execute_header
  11: __mh_execute_header
  12: __mh_execute_header
  13: __mh_execute_header
  14: __mh_execute_header
  15: __mh_execute_header
  16: __mh_execute_header
  17: __pthread_start

